2023-11-12 22:11:47,186 - Log4JLogChute initialized using file 'D:\FinalProject\Pharmacy\.metadata\.plugins\org.jboss.tools.jst.web.ui\velocity.log'
2023-11-12 22:11:47,188 - Starting Apache Velocity v1.5 (compiled: 2007-02-22 08:52:29)
2023-11-12 22:11:47,188 - Default Properties File: org\apache\velocity\runtime\defaults\velocity.properties
2023-11-12 22:11:47,188 - Trying to use logger class org.apache.velocity.runtime.log.AvalonLogChute
2023-11-12 22:11:47,189 - Couldn't find class org.apache.velocity.runtime.log.AvalonLogChute or necessary supporting classes in classpath.
java.lang.NoClassDefFoundError: org/apache/log/format/Formatter
	at java.base/java.lang.Class.forName0(Native Method)
	at java.base/java.lang.Class.forName(Class.java:467)
	at org.apache.velocity.util.ClassUtils.getClass(ClassUtils.java:63)
	at org.apache.velocity.util.ClassUtils.getNewInstance(ClassUtils.java:95)
	at org.apache.velocity.runtime.log.LogManager.createLogChute(LogManager.java:147)
	at org.apache.velocity.runtime.log.LogManager.updateLog(LogManager.java:208)
	at org.apache.velocity.runtime.RuntimeInstance.initializeLog(RuntimeInstance.java:728)
	at org.apache.velocity.runtime.RuntimeInstance.init(RuntimeInstance.java:240)
	at org.apache.velocity.runtime.RuntimeInstance.init(RuntimeInstance.java:534)
	at org.apache.velocity.runtime.RuntimeSingleton.init(RuntimeSingleton.java:227)
	at org.apache.velocity.app.Velocity.init(Velocity.java:111)
	at org.jboss.tools.jst.web.ui.operation.TemplatePreprocessor.process(TemplatePreprocessor.java:79)
	at org.jboss.tools.jst.web.ui.operation.TemplatePreprocessor.execute(TemplatePreprocessor.java:58)
	at org.jboss.tools.jst.web.ui.operation.WebNatureOperation.preprocessTemplate(WebNatureOperation.java:628)
	at org.jboss.tools.jsf.ui.operation.JSFProjectCreationOperation.copyTemplate(JSFProjectCreationOperation.java:135)
	at org.jboss.tools.jst.web.ui.operation.WebProjectCreationOperation.preCreateWebNature(WebProjectCreationOperation.java:76)
	at org.jboss.tools.jst.web.ui.operation.WebNatureOperation.run(WebNatureOperation.java:223)
	at org.eclipse.ui.actions.WorkspaceModifyDelegatingOperation.execute(WorkspaceModifyDelegatingOperation.java:71)
	at org.eclipse.ui.actions.WorkspaceModifyOperation.lambda$0(WorkspaceModifyOperation.java:110)
	at org.eclipse.core.internal.resources.Workspace.run(Workspace.java:2380)
	at org.eclipse.core.internal.resources.Workspace.run(Workspace.java:2405)
	at org.eclipse.ui.actions.WorkspaceModifyOperation.run(WorkspaceModifyOperation.java:131)
	at org.eclipse.jface.operation.ModalContext$ModalContextThread.run(ModalContext.java:122)
Caused by: java.lang.ClassNotFoundException: org.apache.log.format.Formatter cannot be found by org.apache.velocity_1.5.0.v200905192330
	at org.eclipse.osgi.internal.loader.BundleLoader.generateException(BundleLoader.java:541)
	at org.eclipse.osgi.internal.loader.BundleLoader.findClass0(BundleLoader.java:536)
	at org.eclipse.osgi.internal.loader.BundleLoader.findClass(BundleLoader.java:416)
	at org.eclipse.osgi.internal.loader.ModuleClassLoader.loadClass(ModuleClassLoader.java:168)
	at java.base/java.lang.ClassLoader.loadClass(ClassLoader.java:525)
	... 23 more
2023-11-12 22:11:47,192 - Trying to use logger class org.apache.velocity.runtime.log.Log4JLogChute
2023-11-12 22:11:47,192 - Using logger class org.apache.velocity.runtime.log.Log4JLogChute
2023-11-12 22:11:47,195 - Default ResourceManager initializing. (class org.apache.velocity.runtime.resource.ResourceManagerImpl)
2023-11-12 22:11:47,197 - ResourceLoader instantiated: org.apache.velocity.runtime.resource.loader.FileResourceLoader
2023-11-12 22:11:47,199 - Do unicode file recognition:  false
2023-11-12 22:11:47,199 - FileResourceLoader : adding path 'D:\FinalProject\Pharmacy\.metadata\.plugins\org.jboss.tools.common.projecttemplates\templates\jsf-2.3\JSFBlankWithoutLibs'
2023-11-12 22:11:47,211 - ResourceCache: initialized (class org.apache.velocity.runtime.resource.ResourceCacheImpl)
2023-11-12 22:11:47,212 - Loaded System Directive: org.apache.velocity.runtime.directive.Literal
2023-11-12 22:11:47,213 - Loaded System Directive: org.apache.velocity.runtime.directive.Macro
2023-11-12 22:11:47,215 - Loaded System Directive: org.apache.velocity.runtime.directive.Parse
2023-11-12 22:11:47,215 - Loaded System Directive: org.apache.velocity.runtime.directive.Include
2023-11-12 22:11:47,216 - Loaded System Directive: org.apache.velocity.runtime.directive.Foreach
2023-11-12 22:11:47,243 - Created '20' parsers.
2023-11-12 22:11:47,248 - Velocimacro : "velocimacro.library" is not set.  Trying default library: VM_global_library.vm
2023-11-12 22:11:47,248 - Velocimacro : Default library not found.
2023-11-12 22:11:47,248 - Velocimacro : allowInline = true : VMs can be defined inline in templates
2023-11-12 22:11:47,248 - Velocimacro : allowInlineToOverride = false : VMs defined inline may NOT replace previous VM definitions
2023-11-12 22:11:47,248 - Velocimacro : allowInlineLocal = false : VMs defined inline will be global in scope if allowed.
2023-11-12 22:11:47,248 - Velocimacro : autoload off : VM system will not automatically reload global library macros
2023-11-12 22:11:47,267 - Null reference [template '', line 34, column 17] : ${project.name} cannot be resolved.
